<?xml version="1.0" encoding="UTF-8"?>
<testsuites name="Mocha Tests" time="60.394" tests="14" failures="2">
  <testsuite name="Root Suite" timestamp="2025-08-24T15:53:45" tests="0" file="cypress\e2e\theme-switching.cy.ts" time="0.000" failures="0">
  </testsuite>
  <testsuite name="Theme Switching" timestamp="2025-08-24T15:53:45" tests="0" time="0.000" failures="0">
  </testsuite>
  <testsuite name="Default Theme Behavior" timestamp="2025-08-24T15:53:45" tests="3" time="1.334" failures="0">
    <testcase name="Theme Switching Default Theme Behavior should have a theme attribute set" time="0.486" classname="should have a theme attribute set">
    </testcase>
    <testcase name="Theme Switching Default Theme Behavior should store theme in localStorage" time="0.288" classname="should store theme in localStorage">
    </testcase>
    <testcase name="Theme Switching Default Theme Behavior should apply default theme on first visit" time="0.473" classname="should apply default theme on first visit">
    </testcase>
  </testsuite>
  <testsuite name="Theme Toggle Functionality" timestamp="2025-08-24T15:53:46" tests="3" time="1.699" failures="0">
    <testcase name="Theme Switching Theme Toggle Functionality should handle theme toggle functionality" time="0.450" classname="should handle theme toggle functionality">
    </testcase>
    <testcase name="Theme Switching Theme Toggle Functionality should persist theme across page reloads" time="0.599" classname="should persist theme across page reloads">
    </testcase>
    <testcase name="Theme Switching Theme Toggle Functionality should handle invalid theme values gracefully" time="0.591" classname="should handle invalid theme values gracefully">
    </testcase>
  </testsuite>
  <testsuite name="Theme in Auth Pages" timestamp="2025-08-24T15:53:48" tests="3" time="2.365" failures="0">
    <testcase name="Theme Switching Theme in Auth Pages should apply theme to auth pages" time="0.448" classname="should apply theme to auth pages">
    </testcase>
    <testcase name="Theme Switching Theme in Auth Pages should maintain consistent theme across auth pages" time="1.060" classname="should maintain consistent theme across auth pages">
    </testcase>
    <testcase name="Theme Switching Theme in Auth Pages should handle theme switching on register page" time="0.797" classname="should handle theme switching on register page">
    </testcase>
  </testsuite>
  <testsuite name="Theme and Form Interaction" timestamp="2025-08-24T15:53:50" tests="2" time="52.329" failures="2">
    <testcase name="Theme Switching Theme and Form Interaction should maintain form functionality across themes" time="8.949" classname="should maintain form functionality across themes">
      <failure message="Timed out retrying after 8000ms: `cy.type()` failed because this element:

`&lt;input _ngcontent-ng-c2697436786=&quot;&quot; id=&quot;loginEmail&quot; data-testid=&quot;email&quot; data-cy=&quot;email-input&quot; type=&quot;email&quot; formcontrolname=&quot;email&quot; autocomplete=&quot;username&quot; ng-reflect-name=&quot;email&quot; aria-invalid=&quot;false&quot; class=&quot;ng-untouched ng-pristine ng-invalid&quot;&gt;`

is being covered by another element:

`&lt;iframe id=&quot;webpack-dev-server-client-overlay&quot; src=&quot;about:blank&quot; style=&quot;position: fixed; inset: 0px; width: 100vw; height: 100vh; border: none; z-index: 2147483647;&quot;&gt;&lt;/iframe&gt;`

Fix this problem, or use {force: true} to disable error checking.

https://on.cypress.io/element-cannot-be-interacted-with" type="CypressError"><![CDATA[CypressError: Timed out retrying after 8000ms: `cy.type()` failed because this element:

`<input _ngcontent-ng-c2697436786="" id="loginEmail" data-testid="email" data-cy="email-input" type="email" formcontrolname="email" autocomplete="username" ng-reflect-name="email" aria-invalid="false" class="ng-untouched ng-pristine ng-invalid">`

is being covered by another element:

`<iframe id="webpack-dev-server-client-overlay" src="about:blank" style="position: fixed; inset: 0px; width: 100vw; height: 100vh; border: none; z-index: 2147483647;"></iframe>`

Fix this problem, or use {force: true} to disable error checking.

https://on.cypress.io/element-cannot-be-interacted-with
    at ensureIsDescendent (http://localhost:4200/__cypress/runner/cypress_runner.js:114504:68)
    at ensureDescendents (http://localhost:4200/__cypress/runner/cypress_runner.js:114555:5)
    at ensureDescendentsAndScroll (http://localhost:4200/__cypress/runner/cypress_runner.js:114561:14)
    at ensureElIsNotCovered (http://localhost:4200/__cypress/runner/cypress_runner.js:114692:5)
    at runAllChecks (http://localhost:4200/__cypress/runner/cypress_runner.js:114891:52)
    at retryActionability (http://localhost:4200/__cypress/runner/cypress_runner.js:114928:16)
    at tryCatcher (http://localhost:4200/__cypress/runner/cypress_runner.js:1777:23)
    at Promise.attempt.Promise.try (http://localhost:4200/__cypress/runner/cypress_runner.js:4285:29)
    at whenStable (http://localhost:4200/__cypress/runner/cypress_runner.js:147344:68)
    at <unknown> (http://localhost:4200/__cypress/runner/cypress_runner.js:147285:14)
    at tryCatcher (http://localhost:4200/__cypress/runner/cypress_runner.js:1777:23)
    at Promise._settlePromiseFromHandler (http://localhost:4200/__cypress/runner/cypress_runner.js:1489:31)
    at Promise._settlePromise (http://localhost:4200/__cypress/runner/cypress_runner.js:1546:18)
    at Promise._settlePromise0 (http://localhost:4200/__cypress/runner/cypress_runner.js:1591:10)
    at Promise._settlePromises (http://localhost:4200/__cypress/runner/cypress_runner.js:1671:18)
    at Promise._fulfill (http://localhost:4200/__cypress/runner/cypress_runner.js:1615:18)
    at <unknown> (http://localhost:4200/__cypress/runner/cypress_runner.js:5420:46)
From Your Spec Code:
    at Object.proxyGetter [as get] (http://localhost:4200/__cypress/runner/cypress_runner.js:80410:22)
    at exists (http://localhost:4200/__cypress/runner/cypress_runner.js:146526:26)
    at elExists (http://localhost:4200/__cypress/runner/cypress_runner.js:146541:10)
    at ensureExistence (http://localhost:4200/__cypress/runner/cypress_runner.js:146722:22)
    at onFailFn (http://localhost:4200/__cypress/runner/cypress_runner.js:146751:53)]]></failure>
    </testcase>
    <testcase name="Theme Switching Theme and Form Interaction should handle password visibility toggle across themes" time="8.655" classname="should handle password visibility toggle across themes">
      <failure message="Timed out retrying after 8000ms: `cy.type()` failed because this element:

`&lt;input _ngcontent-ng-c2697436786=&quot;&quot; id=&quot;loginPassword&quot; data-testid=&quot;password&quot; data-cy=&quot;password-input&quot; formcontrolname=&quot;password&quot; autocomplete=&quot;current-password&quot; ng-reflect-name=&quot;password&quot; type=&quot;password&quot; aria-invalid=&quot;false&quot; class=&quot;ng-untouched ng-pristine ng-invalid&quot;&gt;`

is being covered by another element:

`&lt;iframe id=&quot;webpack-dev-server-client-overlay&quot; src=&quot;about:blank&quot; style=&quot;position: fixed; inset: 0px; width: 100vw; height: 100vh; border: none; z-index: 2147483647;&quot;&gt;&lt;/iframe&gt;`

Fix this problem, or use {force: true} to disable error checking.

https://on.cypress.io/element-cannot-be-interacted-with" type="CypressError"><![CDATA[CypressError: Timed out retrying after 8000ms: `cy.type()` failed because this element:

`<input _ngcontent-ng-c2697436786="" id="loginPassword" data-testid="password" data-cy="password-input" formcontrolname="password" autocomplete="current-password" ng-reflect-name="password" type="password" aria-invalid="false" class="ng-untouched ng-pristine ng-invalid">`

is being covered by another element:

`<iframe id="webpack-dev-server-client-overlay" src="about:blank" style="position: fixed; inset: 0px; width: 100vw; height: 100vh; border: none; z-index: 2147483647;"></iframe>`

Fix this problem, or use {force: true} to disable error checking.

https://on.cypress.io/element-cannot-be-interacted-with
    at ensureIsDescendent (http://localhost:4200/__cypress/runner/cypress_runner.js:114504:68)
    at ensureDescendents (http://localhost:4200/__cypress/runner/cypress_runner.js:114555:5)
    at ensureDescendentsAndScroll (http://localhost:4200/__cypress/runner/cypress_runner.js:114561:14)
    at ensureElIsNotCovered (http://localhost:4200/__cypress/runner/cypress_runner.js:114692:5)
    at runAllChecks (http://localhost:4200/__cypress/runner/cypress_runner.js:114891:52)
    at retryActionability (http://localhost:4200/__cypress/runner/cypress_runner.js:114928:16)
    at tryCatcher (http://localhost:4200/__cypress/runner/cypress_runner.js:1777:23)
    at Promise.attempt.Promise.try (http://localhost:4200/__cypress/runner/cypress_runner.js:4285:29)
    at whenStable (http://localhost:4200/__cypress/runner/cypress_runner.js:147344:68)
    at <unknown> (http://localhost:4200/__cypress/runner/cypress_runner.js:147285:14)
    at tryCatcher (http://localhost:4200/__cypress/runner/cypress_runner.js:1777:23)
    at Promise._settlePromiseFromHandler (http://localhost:4200/__cypress/runner/cypress_runner.js:1489:31)
    at Promise._settlePromise (http://localhost:4200/__cypress/runner/cypress_runner.js:1546:18)
    at Promise._settlePromise0 (http://localhost:4200/__cypress/runner/cypress_runner.js:1591:10)
    at Promise._settlePromises (http://localhost:4200/__cypress/runner/cypress_runner.js:1671:18)
    at Promise._fulfill (http://localhost:4200/__cypress/runner/cypress_runner.js:1615:18)
    at <unknown> (http://localhost:4200/__cypress/runner/cypress_runner.js:5420:46)
From Your Spec Code:
    at Object.proxyGetter [as get] (http://localhost:4200/__cypress/runner/cypress_runner.js:80410:22)
    at exists (http://localhost:4200/__cypress/runner/cypress_runner.js:146526:26)
    at elExists (http://localhost:4200/__cypress/runner/cypress_runner.js:146541:10)
    at ensureExistence (http://localhost:4200/__cypress/runner/cypress_runner.js:146722:22)
    at onFailFn (http://localhost:4200/__cypress/runner/cypress_runner.js:146751:53)]]></failure>
    </testcase>
  </testsuite>
  <testsuite name="Responsive Theme Behavior" timestamp="2025-08-24T15:54:43" tests="1" time="0.881" failures="0">
    <testcase name="Theme Switching Responsive Theme Behavior should maintain theme across different viewports" time="0.860" classname="should maintain theme across different viewports">
    </testcase>
  </testsuite>
  <testsuite name="Theme System Integration" timestamp="2025-08-24T15:54:43" tests="2" time="1.784" failures="0">
    <testcase name="Theme Switching Theme System Integration should handle theme during navigation" time="1.082" classname="should handle theme during navigation">
    </testcase>
    <testcase name="Theme Switching Theme System Integration should handle theme with localStorage errors" time="0.654" classname="should handle theme with localStorage errors">
    </testcase>
  </testsuite>
</testsuites>